<?xml version="1.0" encoding="UTF-8"?>
<!-- Generated by org.testng.reporters.JUnitXMLReporter -->
<testsuite hostname="INBAWN170107" ignored="0" name="Default test" tests="14" failures="1" timestamp="14 Aug 2023 09:33:09 GMT" time="37.457" errors="0">
  <testcase name="VerifyRepoSearch" time="5.381" classname="repo.tests.RepoTest">
    <failure type="java.lang.AssertionError" message="The following asserts failed:
	Row number : 2 =&amp;gt; netdata netdata 64631 netdata/netdata =&amp;gt; doesn&amp;apos;t contain searched keyword =&amp;gt; kubernetes expected [true] but found [false],
	Row number : 3 =&amp;gt; devops-exercises bregman-arie 55719 bregman-arie/devops-exercises =&amp;gt; doesn&amp;apos;t contain searched keyword =&amp;gt; kubernetes expected [true] but found [false],
	Row number : 4 =&amp;gt; etcd etcd-io 44206 etcd-io/etcd =&amp;gt; doesn&amp;apos;t contain searched keyword =&amp;gt; kubernetes expected [true] but found [false],
	Row number : 5 =&amp;gt; traefik traefik 44194 traefik/traefik =&amp;gt; doesn&amp;apos;t contain searched keyword =&amp;gt; kubernetes expected [true] but found [false],
	Row number : 6 =&amp;gt; minio minio 40358 minio/minio =&amp;gt; doesn&amp;apos;t contain searched keyword =&amp;gt; kubernetes expected [true] but found [false],
	Row number : 8 =&amp;gt; kong Kong 35708 Kong/kong =&amp;gt; doesn&amp;apos;t contain searched keyword =&amp;gt; kubernetes expected [true] but found [false],
	Row number : 9 =&amp;gt; awesome-cheatsheets LeCoupa 34330 LeCoupa/awesome-cheatsheets =&amp;gt; doesn&amp;apos;t contain searched keyword =&amp;gt; kubernetes expected [true] but found [false],
	Row number : 10 =&amp;gt; istio istio 33504 istio/istio =&amp;gt; doesn&amp;apos;t contain searched keyword =&amp;gt; kubernetes expected [true] but found [false]">
      <![CDATA[java.lang.AssertionError: The following asserts failed:
Row number : 2 => netdata netdata 64631 netdata/netdata => doesn't contain searched keyword => kubernetes expected [true] but found [false],
Row number : 3 => devops-exercises bregman-arie 55719 bregman-arie/devops-exercises => doesn't contain searched keyword => kubernetes expected [true] but found [false],
Row number : 4 => etcd etcd-io 44206 etcd-io/etcd => doesn't contain searched keyword => kubernetes expected [true] but found [false],
Row number : 5 => traefik traefik 44194 traefik/traefik => doesn't contain searched keyword => kubernetes expected [true] but found [false],
Row number : 6 => minio minio 40358 minio/minio => doesn't contain searched keyword => kubernetes expected [true] but found [false],
Row number : 8 => kong Kong 35708 Kong/kong => doesn't contain searched keyword => kubernetes expected [true] but found [false],
Row number : 9 => awesome-cheatsheets LeCoupa 34330 LeCoupa/awesome-cheatsheets => doesn't contain searched keyword => kubernetes expected [true] but found [false],
Row number : 10 => istio istio 33504 istio/istio => doesn't contain searched keyword => kubernetes expected [true] but found [false]
at org.testng.asserts.SoftAssert.assertAll(SoftAssert.java:43)
at repo.tests.RepoTest.VerifyRepoSearch(RepoTest.java:33)
at sun.reflect.NativeMethodAccessorImpl.invoke0(Native Method)
at sun.reflect.NativeMethodAccessorImpl.invoke(NativeMethodAccessorImpl.java:62)
at sun.reflect.DelegatingMethodAccessorImpl.invoke(DelegatingMethodAccessorImpl.java:43)
at java.lang.reflect.Method.invoke(Method.java:498)
at org.testng.internal.MethodInvocationHelper.invokeMethod(MethodInvocationHelper.java:124)
at org.testng.internal.Invoker.invokeMethod(Invoker.java:583)
at org.testng.internal.Invoker.invokeTestMethod(Invoker.java:719)
at org.testng.internal.Invoker.invokeTestMethods(Invoker.java:989)
at org.testng.internal.TestMethodWorker.invokeTestMethods(TestMethodWorker.java:125)
at org.testng.internal.TestMethodWorker.run(TestMethodWorker.java:109)
at org.testng.TestRunner.privateRun(TestRunner.java:648)
at org.testng.TestRunner.run(TestRunner.java:505)
at org.testng.SuiteRunner.runTest(SuiteRunner.java:455)
at org.testng.SuiteRunner.runSequentially(SuiteRunner.java:450)
at org.testng.SuiteRunner.privateRun(SuiteRunner.java:415)
at org.testng.SuiteRunner.run(SuiteRunner.java:364)
at org.testng.SuiteRunnerWorker.runSuite(SuiteRunnerWorker.java:52)
at org.testng.SuiteRunnerWorker.run(SuiteRunnerWorker.java:84)
at org.testng.TestNG.runSuitesSequentially(TestNG.java:1208)
at org.testng.TestNG.runSuitesLocally(TestNG.java:1137)
at org.testng.TestNG.runSuites(TestNG.java:1049)
at org.testng.TestNG.run(TestNG.java:1017)
at org.testng.remote.AbstractRemoteTestNG.run(AbstractRemoteTestNG.java:114)
at org.testng.remote.RemoteTestNG.initAndRun(RemoteTestNG.java:251)
at org.testng.remote.RemoteTestNG.main(RemoteTestNG.java:77)
]]>
    </failure>
  </testcase> <!-- VerifyRepoSearch -->
  <testcase name="VerifyRepoLinks" time="1.15" classname="repo.tests.RepoTest"/>
  <testcase name="VerifyRepoLinks" time="0.462" classname="repo.tests.RepoTest"/>
  <testcase name="VerifyRepoLinks" time="0.888" classname="repo.tests.RepoTest"/>
  <testcase name="VerifyRepoLinks" time="0.443" classname="repo.tests.RepoTest"/>
  <testcase name="VerifyRepoLinks" time="1.447" classname="repo.tests.RepoTest"/>
  <testcase name="VerifyRepoLinks" time="1.112" classname="repo.tests.RepoTest"/>
  <testcase name="VerifyRepoLinks" time="0.485" classname="repo.tests.RepoTest"/>
  <testcase name="VerifyRepoLinks" time="0.438" classname="repo.tests.RepoTest"/>
  <testcase name="VerifyRepoLinks" time="0.578" classname="repo.tests.RepoTest"/>
  <testcase name="VerifyRepoLinks" time="0.444" classname="repo.tests.RepoTest"/>
  <testcase name="VerifyNumberOfRowsPerPage" time="5.338" classname="repo.tests.RepoTest"/>
  <testcase name="VerifyNumberOfRowsPerPage" time="5.591" classname="repo.tests.RepoTest"/>
  <testcase name="VerifyNumberOfRowsPerPage" time="5.748" classname="repo.tests.RepoTest"/>
</testsuite> <!-- Default test -->
