<html>
<head>
<title>TestNG:  Default test</title>
<link href="../testng.css" rel="stylesheet" type="text/css" />
<link href="../my-testng.css" rel="stylesheet" type="text/css" />

<style type="text/css">
.log { display: none;} 
.stack-trace { display: none;} 
</style>
<script type="text/javascript">
<!--
function flip(e) {
  current = e.style.display;
  if (current == 'block') {
    e.style.display = 'none';
    return 0;
  }
  else {
    e.style.display = 'block';
    return 1;
  }
}

function toggleBox(szDivId, elem, msg1, msg2)
{
  var res = -1;  if (document.getElementById) {
    res = flip(document.getElementById(szDivId));
  }
  else if (document.all) {
    // this is the way old msie versions work
    res = flip(document.all[szDivId]);
  }
  if(elem) {
    if(res == 0) elem.innerHTML = msg1; else elem.innerHTML = msg2;
  }

}

function toggleAllBoxes() {
  if (document.getElementsByTagName) {
    d = document.getElementsByTagName('div');
    for (i = 0; i < d.length; i++) {
      if (d[i].className == 'log') {
        flip(d[i]);
      }
    }
  }
}

// -->
</script>

</head>
<body>
<h2 align='center'>Default test</h2><table border='1' align="center">
<tr>
<td>Tests passed/Failed/Skipped:</td><td>13/1/0</td>
</tr><tr>
<td>Started on:</td><td>Mon Aug 14 15:02:32 IST 2023</td>
</tr>
<tr><td>Total time:</td><td>37 seconds (37457 ms)</td>
</tr><tr>
<td>Included groups:</td><td></td>
</tr><tr>
<td>Excluded groups:</td><td></td>
</tr>
</table><p/>
<small><i>(Hover the method name to see the test class name)</i></small><p/>
<table width='100%' border='1' class='invocation-failed'>
<tr><td colspan='4' align='center'><b>FAILED TESTS</b></td></tr>
<tr><td><b>Test method</b></td>
<td width="30%"><b>Exception</b></td>
<td width="10%"><b>Time (seconds)</b></td>
<td><b>Instance</b></td>
</tr>
<tr>
<td title='repo.tests.RepoTest.VerifyRepoSearch()'><b>VerifyRepoSearch</b><br>Test class: repo.tests.RepoTest</td>
<td><div><pre>java.lang.AssertionError: The following asserts failed:
	Row number : 2 =&gt; netdata netdata 64631 netdata/netdata =&gt; doesn&apos;t contain searched keyword =&gt; kubernetes expected [true] but found [false],
	Row number : 3 =&gt; devops-exercises bregman-arie 55719 bregman-arie/devops-exercises =&gt; doesn&apos;t contain searched keyword =&gt; kubernetes expected [true] but found [false],
	Row number : 4 =&gt; etcd etcd-io 44206 etcd-io/etcd =&gt; doesn&apos;t contain searched keyword =&gt; kubernetes expected [true] but found [false],
	Row number : 5 =&gt; traefik traefik 44194 traefik/traefik =&gt; doesn&apos;t contain searched keyword =&gt; kubernetes expected [true] but found [false],
	Row number : 6 =&gt; minio minio 40358 minio/minio =&gt; doesn&apos;t contain searched keyword =&gt; kubernetes expected [true] but found [false],
	Row number : 8 =&gt; kong Kong 35708 Kong/kong =&gt; doesn&apos;t contain searched keyword =&gt; kubernetes expected [true] but found [false],
	Row number : 9 =&gt; awesome-cheatsheets LeCoupa 34330 LeCoupa/awesome-cheatsheets =&gt; doesn&apos;t contain searched keyword =&gt; kubernetes expected [true] but found [false],
	Row number : 10 =&gt; istio istio 33504 istio/istio =&gt; doesn&apos;t contain searched keyword =&gt; kubernetes expected [true] but found [false]
	at org.testng.asserts.SoftAssert.assertAll(SoftAssert.java:43)
	at repo.tests.RepoTest.VerifyRepoSearch(RepoTest.java:33)
	at sun.reflect.NativeMethodAccessorImpl.invoke0(Native Method)
	at sun.reflect.NativeMethodAccessorImpl.invoke(NativeMethodAccessorImpl.java:62)
	at sun.reflect.DelegatingMethodAccessorImpl.invoke(DelegatingMethodAccessorImpl.java:43)
	at java.lang.reflect.Method.invoke(Method.java:498)
	at org.testng.internal.MethodInvocationHelper.invokeMethod(MethodInvocationHelper.java:124)
	at org.testng.internal.Invoker.invokeMethod(Invoker.java:583)
	at org.testng.internal.Invoker.invokeTestMethod(Invoker.java:719)
	at org.testng.internal.Invoker.invokeTestMethods(Invoker.java:989)
	at org.testng.internal.TestMethodWorker.invokeTestMethods(TestMethodWorker.java:125)
	at org.testng.internal.TestMethodWorker.run(TestMethodWorker.java:109)
	at org.testng.TestRunner.privateRun(TestRunner.java:648)
	at org.testng.TestRunner.run(TestRunner.java:505)
	at org.testng.SuiteRunner.runTest(SuiteRunner.java:455)
	at org.testng.SuiteRunner.runSequentially(SuiteRunner.java:450)
	at org.testng.SuiteRunner.privateRun(SuiteRunner.java:415)
	at org.testng.SuiteRunner.run(SuiteRunner.java:364)
	at org.testng.SuiteRunnerWorker.runSuite(SuiteRunnerWorker.java:52)
	at org.testng.SuiteRunnerWorker.run(SuiteRunnerWorker.java:84)
	at org.testng.TestNG.runSuitesSequentially(TestNG.java:1208)
	at org.testng.TestNG.runSuitesLocally(TestNG.java:1137)
	at org.testng.TestNG.runSuites(TestNG.java:1049)
	at org.testng.TestNG.run(TestNG.java:1017)
	at org.testng.remote.AbstractRemoteTestNG.run(AbstractRemoteTestNG.java:114)
	at org.testng.remote.RemoteTestNG.initAndRun(RemoteTestNG.java:251)
	at org.testng.remote.RemoteTestNG.main(RemoteTestNG.java:77)
</pre></div><a href='#' onClick='toggleBox("stack-trace2125470482", this, "Click to show all stack frames", "Click to hide stack frames")'>Click to show all stack frames</a>
<div class='stack-trace' id='stack-trace2125470482'><pre>java.lang.AssertionError: The following asserts failed:
	Row number : 2 =&gt; netdata netdata 64631 netdata/netdata =&gt; doesn&apos;t contain searched keyword =&gt; kubernetes expected [true] but found [false],
	Row number : 3 =&gt; devops-exercises bregman-arie 55719 bregman-arie/devops-exercises =&gt; doesn&apos;t contain searched keyword =&gt; kubernetes expected [true] but found [false],
	Row number : 4 =&gt; etcd etcd-io 44206 etcd-io/etcd =&gt; doesn&apos;t contain searched keyword =&gt; kubernetes expected [true] but found [false],
	Row number : 5 =&gt; traefik traefik 44194 traefik/traefik =&gt; doesn&apos;t contain searched keyword =&gt; kubernetes expected [true] but found [false],
	Row number : 6 =&gt; minio minio 40358 minio/minio =&gt; doesn&apos;t contain searched keyword =&gt; kubernetes expected [true] but found [false],
	Row number : 8 =&gt; kong Kong 35708 Kong/kong =&gt; doesn&apos;t contain searched keyword =&gt; kubernetes expected [true] but found [false],
	Row number : 9 =&gt; awesome-cheatsheets LeCoupa 34330 LeCoupa/awesome-cheatsheets =&gt; doesn&apos;t contain searched keyword =&gt; kubernetes expected [true] but found [false],
	Row number : 10 =&gt; istio istio 33504 istio/istio =&gt; doesn&apos;t contain searched keyword =&gt; kubernetes expected [true] but found [false]
	at org.testng.asserts.SoftAssert.assertAll(SoftAssert.java:43)
	at repo.tests.RepoTest.VerifyRepoSearch(RepoTest.java:33)
	at sun.reflect.NativeMethodAccessorImpl.invoke0(Native Method)
	at sun.reflect.NativeMethodAccessorImpl.invoke(NativeMethodAccessorImpl.java:62)
	at sun.reflect.DelegatingMethodAccessorImpl.invoke(DelegatingMethodAccessorImpl.java:43)
	at java.lang.reflect.Method.invoke(Method.java:498)
	at org.testng.internal.MethodInvocationHelper.invokeMethod(MethodInvocationHelper.java:124)
	at org.testng.internal.Invoker.invokeMethod(Invoker.java:583)
	at org.testng.internal.Invoker.invokeTestMethod(Invoker.java:719)
	at org.testng.internal.Invoker.invokeTestMethods(Invoker.java:989)
	at org.testng.internal.TestMethodWorker.invokeTestMethods(TestMethodWorker.java:125)
	at org.testng.internal.TestMethodWorker.run(TestMethodWorker.java:109)
	at org.testng.TestRunner.privateRun(TestRunner.java:648)
	at org.testng.TestRunner.run(TestRunner.java:505)
	at org.testng.SuiteRunner.runTest(SuiteRunner.java:455)
	at org.testng.SuiteRunner.runSequentially(SuiteRunner.java:450)
	at org.testng.SuiteRunner.privateRun(SuiteRunner.java:415)
	at org.testng.SuiteRunner.run(SuiteRunner.java:364)
	at org.testng.SuiteRunnerWorker.runSuite(SuiteRunnerWorker.java:52)
	at org.testng.SuiteRunnerWorker.run(SuiteRunnerWorker.java:84)
	at org.testng.TestNG.runSuitesSequentially(TestNG.java:1208)
	at org.testng.TestNG.runSuitesLocally(TestNG.java:1137)
	at org.testng.TestNG.runSuites(TestNG.java:1049)
	at org.testng.TestNG.run(TestNG.java:1017)
	at org.testng.remote.AbstractRemoteTestNG.run(AbstractRemoteTestNG.java:114)
	at org.testng.remote.RemoteTestNG.initAndRun(RemoteTestNG.java:251)
	at org.testng.remote.RemoteTestNG.main(RemoteTestNG.java:77)
</pre></div></td>
<td>5</td>
<td>repo.tests.RepoTest@68c4039c</td></tr>
</table><p>
<table width='100%' border='1' class='invocation-passed'>
<tr><td colspan='4' align='center'><b>PASSED TESTS</b></td></tr>
<tr><td><b>Test method</b></td>
<td width="30%"><b>Exception</b></td>
<td width="10%"><b>Time (seconds)</b></td>
<td><b>Instance</b></td>
</tr>
<tr>
<td title='repo.tests.RepoTest.VerifyNumberOfRowsPerPage()'><b>VerifyNumberOfRowsPerPage</b><br>Test class: repo.tests.RepoTest<br>Parameters: 10</td>
<td></td>
<td>5</td>
<td>repo.tests.RepoTest@68c4039c</td></tr>
<tr>
<td title='repo.tests.RepoTest.VerifyNumberOfRowsPerPage()'><b>VerifyNumberOfRowsPerPage</b><br>Test class: repo.tests.RepoTest<br>Parameters: 25</td>
<td></td>
<td>5</td>
<td>repo.tests.RepoTest@68c4039c</td></tr>
<tr>
<td title='repo.tests.RepoTest.VerifyNumberOfRowsPerPage()'><b>VerifyNumberOfRowsPerPage</b><br>Test class: repo.tests.RepoTest<br>Parameters: 50</td>
<td></td>
<td>5</td>
<td>repo.tests.RepoTest@68c4039c</td></tr>
<tr>
<td title='repo.tests.RepoTest.VerifyRepoLinks()'><b>VerifyRepoLinks</b><br>Test class: repo.tests.RepoTest<br>Parameters: https://github.com/kubernetes/kubernetes</td>
<td></td>
<td>1</td>
<td>repo.tests.RepoTest@68c4039c</td></tr>
<tr>
<td title='repo.tests.RepoTest.VerifyRepoLinks()'><b>VerifyRepoLinks</b><br>Test class: repo.tests.RepoTest<br>Parameters: https://github.com/kubernetes/kubernetes</td>
<td></td>
<td>0</td>
<td>repo.tests.RepoTest@68c4039c</td></tr>
<tr>
<td title='repo.tests.RepoTest.VerifyRepoLinks()'><b>VerifyRepoLinks</b><br>Test class: repo.tests.RepoTest<br>Parameters: https://github.com/kubernetes/kubernetes</td>
<td></td>
<td>0</td>
<td>repo.tests.RepoTest@68c4039c</td></tr>
<tr>
<td title='repo.tests.RepoTest.VerifyRepoLinks()'><b>VerifyRepoLinks</b><br>Test class: repo.tests.RepoTest<br>Parameters: https://github.com/kubernetes/kubernetes</td>
<td></td>
<td>0</td>
<td>repo.tests.RepoTest@68c4039c</td></tr>
<tr>
<td title='repo.tests.RepoTest.VerifyRepoLinks()'><b>VerifyRepoLinks</b><br>Test class: repo.tests.RepoTest<br>Parameters: https://github.com/kubernetes/kubernetes</td>
<td></td>
<td>1</td>
<td>repo.tests.RepoTest@68c4039c</td></tr>
<tr>
<td title='repo.tests.RepoTest.VerifyRepoLinks()'><b>VerifyRepoLinks</b><br>Test class: repo.tests.RepoTest<br>Parameters: https://github.com/kubernetes/kubernetes</td>
<td></td>
<td>1</td>
<td>repo.tests.RepoTest@68c4039c</td></tr>
<tr>
<td title='repo.tests.RepoTest.VerifyRepoLinks()'><b>VerifyRepoLinks</b><br>Test class: repo.tests.RepoTest<br>Parameters: https://github.com/kubernetes/kubernetes</td>
<td></td>
<td>0</td>
<td>repo.tests.RepoTest@68c4039c</td></tr>
<tr>
<td title='repo.tests.RepoTest.VerifyRepoLinks()'><b>VerifyRepoLinks</b><br>Test class: repo.tests.RepoTest<br>Parameters: https://github.com/kubernetes/kubernetes</td>
<td></td>
<td>0</td>
<td>repo.tests.RepoTest@68c4039c</td></tr>
<tr>
<td title='repo.tests.RepoTest.VerifyRepoLinks()'><b>VerifyRepoLinks</b><br>Test class: repo.tests.RepoTest<br>Parameters: https://github.com/kubernetes/kubernetes</td>
<td></td>
<td>0</td>
<td>repo.tests.RepoTest@68c4039c</td></tr>
<tr>
<td title='repo.tests.RepoTest.VerifyRepoLinks()'><b>VerifyRepoLinks</b><br>Test class: repo.tests.RepoTest<br>Parameters: https://github.com/kubernetes/kubernetes</td>
<td></td>
<td>0</td>
<td>repo.tests.RepoTest@68c4039c</td></tr>
</table><p>
</body>
</html>