<?xml version="1.0" encoding="UTF-8"?>
<testng-results skipped="0" failed="1" ignored="0" total="14" passed="13">
  <reporter-output>
  </reporter-output>
  <suite name="Default suite" duration-ms="37457" started-at="2023-08-14T09:32:32Z" finished-at="2023-08-14T09:33:09Z">
    <groups>
    </groups>
    <test name="Default test" duration-ms="37457" started-at="2023-08-14T09:32:32Z" finished-at="2023-08-14T09:33:09Z">
      <class name="repo.tests.RepoTest">
        <test-method status="PASS" signature="launchDriver()[pri:0, instance:repo.tests.RepoTest@68c4039c]" name="launchDriver" is-config="true" duration-ms="5789" started-at="2023-08-14T09:32:32Z" finished-at="2023-08-14T09:32:37Z">
          <reporter-output>
          </reporter-output>
        </test-method> <!-- launchDriver -->
        <test-method status="FAIL" signature="VerifyRepoSearch()[pri:1, instance:repo.tests.RepoTest@68c4039c]" name="VerifyRepoSearch" duration-ms="5381" started-at="2023-08-14T09:32:37Z" finished-at="2023-08-14T09:32:43Z">
          <exception class="java.lang.AssertionError">
            <message>
              <![CDATA[The following asserts failed:
Row number : 2 => netdata netdata 64631 netdata/netdata => doesn't contain searched keyword => kubernetes expected [true] but found [false],
Row number : 3 => devops-exercises bregman-arie 55719 bregman-arie/devops-exercises => doesn't contain searched keyword => kubernetes expected [true] but found [false],
Row number : 4 => etcd etcd-io 44206 etcd-io/etcd => doesn't contain searched keyword => kubernetes expected [true] but found [false],
Row number : 5 => traefik traefik 44194 traefik/traefik => doesn't contain searched keyword => kubernetes expected [true] but found [false],
Row number : 6 => minio minio 40358 minio/minio => doesn't contain searched keyword => kubernetes expected [true] but found [false],
Row number : 8 => kong Kong 35708 Kong/kong => doesn't contain searched keyword => kubernetes expected [true] but found [false],
Row number : 9 => awesome-cheatsheets LeCoupa 34330 LeCoupa/awesome-cheatsheets => doesn't contain searched keyword => kubernetes expected [true] but found [false],
Row number : 10 => istio istio 33504 istio/istio => doesn't contain searched keyword => kubernetes expected [true] but found [false]]]>
            </message>
            <full-stacktrace>
              <![CDATA[java.lang.AssertionError: The following asserts failed:
Row number : 2 => netdata netdata 64631 netdata/netdata => doesn't contain searched keyword => kubernetes expected [true] but found [false],
Row number : 3 => devops-exercises bregman-arie 55719 bregman-arie/devops-exercises => doesn't contain searched keyword => kubernetes expected [true] but found [false],
Row number : 4 => etcd etcd-io 44206 etcd-io/etcd => doesn't contain searched keyword => kubernetes expected [true] but found [false],
Row number : 5 => traefik traefik 44194 traefik/traefik => doesn't contain searched keyword => kubernetes expected [true] but found [false],
Row number : 6 => minio minio 40358 minio/minio => doesn't contain searched keyword => kubernetes expected [true] but found [false],
Row number : 8 => kong Kong 35708 Kong/kong => doesn't contain searched keyword => kubernetes expected [true] but found [false],
Row number : 9 => awesome-cheatsheets LeCoupa 34330 LeCoupa/awesome-cheatsheets => doesn't contain searched keyword => kubernetes expected [true] but found [false],
Row number : 10 => istio istio 33504 istio/istio => doesn't contain searched keyword => kubernetes expected [true] but found [false]
at org.testng.asserts.SoftAssert.assertAll(SoftAssert.java:43)
at repo.tests.RepoTest.VerifyRepoSearch(RepoTest.java:33)
at sun.reflect.NativeMethodAccessorImpl.invoke0(Native Method)
at sun.reflect.NativeMethodAccessorImpl.invoke(NativeMethodAccessorImpl.java:62)
at sun.reflect.DelegatingMethodAccessorImpl.invoke(DelegatingMethodAccessorImpl.java:43)
at java.lang.reflect.Method.invoke(Method.java:498)
at org.testng.internal.MethodInvocationHelper.invokeMethod(MethodInvocationHelper.java:124)
at org.testng.internal.Invoker.invokeMethod(Invoker.java:583)
at org.testng.internal.Invoker.invokeTestMethod(Invoker.java:719)
at org.testng.internal.Invoker.invokeTestMethods(Invoker.java:989)
at org.testng.internal.TestMethodWorker.invokeTestMethods(TestMethodWorker.java:125)
at org.testng.internal.TestMethodWorker.run(TestMethodWorker.java:109)
at org.testng.TestRunner.privateRun(TestRunner.java:648)
at org.testng.TestRunner.run(TestRunner.java:505)
at org.testng.SuiteRunner.runTest(SuiteRunner.java:455)
at org.testng.SuiteRunner.runSequentially(SuiteRunner.java:450)
at org.testng.SuiteRunner.privateRun(SuiteRunner.java:415)
at org.testng.SuiteRunner.run(SuiteRunner.java:364)
at org.testng.SuiteRunnerWorker.runSuite(SuiteRunnerWorker.java:52)
at org.testng.SuiteRunnerWorker.run(SuiteRunnerWorker.java:84)
at org.testng.TestNG.runSuitesSequentially(TestNG.java:1208)
at org.testng.TestNG.runSuitesLocally(TestNG.java:1137)
at org.testng.TestNG.runSuites(TestNG.java:1049)
at org.testng.TestNG.run(TestNG.java:1017)
at org.testng.remote.AbstractRemoteTestNG.run(AbstractRemoteTestNG.java:114)
at org.testng.remote.RemoteTestNG.initAndRun(RemoteTestNG.java:251)
at org.testng.remote.RemoteTestNG.main(RemoteTestNG.java:77)
]]>
            </full-stacktrace>
          </exception> <!-- java.lang.AssertionError -->
          <reporter-output>
          </reporter-output>
        </test-method> <!-- VerifyRepoSearch -->
        <test-method status="PASS" signature="VerifyRepoLinks(java.lang.String)[pri:2, instance:repo.tests.RepoTest@68c4039c]" name="VerifyRepoLinks" duration-ms="1150" started-at="2023-08-14T09:32:43Z" data-provider="dataProviderUrlLinks" finished-at="2023-08-14T09:32:44Z">
          <params>
            <param index="0">
              <value>
                <![CDATA[https://github.com/kubernetes/kubernetes]]>
              </value>
            </param>
          </params>
          <reporter-output>
          </reporter-output>
        </test-method> <!-- VerifyRepoLinks -->
        <test-method status="PASS" signature="VerifyRepoLinks(java.lang.String)[pri:2, instance:repo.tests.RepoTest@68c4039c]" name="VerifyRepoLinks" duration-ms="462" started-at="2023-08-14T09:32:44Z" data-provider="dataProviderUrlLinks" finished-at="2023-08-14T09:32:45Z">
          <params>
            <param index="0">
              <value>
                <![CDATA[https://github.com/kubernetes/kubernetes]]>
              </value>
            </param>
          </params>
          <reporter-output>
          </reporter-output>
        </test-method> <!-- VerifyRepoLinks -->
        <test-method status="PASS" signature="VerifyRepoLinks(java.lang.String)[pri:2, instance:repo.tests.RepoTest@68c4039c]" name="VerifyRepoLinks" duration-ms="888" started-at="2023-08-14T09:32:45Z" data-provider="dataProviderUrlLinks" finished-at="2023-08-14T09:32:46Z">
          <params>
            <param index="0">
              <value>
                <![CDATA[https://github.com/kubernetes/kubernetes]]>
              </value>
            </param>
          </params>
          <reporter-output>
          </reporter-output>
        </test-method> <!-- VerifyRepoLinks -->
        <test-method status="PASS" signature="VerifyRepoLinks(java.lang.String)[pri:2, instance:repo.tests.RepoTest@68c4039c]" name="VerifyRepoLinks" duration-ms="443" started-at="2023-08-14T09:32:46Z" data-provider="dataProviderUrlLinks" finished-at="2023-08-14T09:32:46Z">
          <params>
            <param index="0">
              <value>
                <![CDATA[https://github.com/kubernetes/kubernetes]]>
              </value>
            </param>
          </params>
          <reporter-output>
          </reporter-output>
        </test-method> <!-- VerifyRepoLinks -->
        <test-method status="PASS" signature="VerifyRepoLinks(java.lang.String)[pri:2, instance:repo.tests.RepoTest@68c4039c]" name="VerifyRepoLinks" duration-ms="1447" started-at="2023-08-14T09:32:46Z" data-provider="dataProviderUrlLinks" finished-at="2023-08-14T09:32:47Z">
          <params>
            <param index="0">
              <value>
                <![CDATA[https://github.com/kubernetes/kubernetes]]>
              </value>
            </param>
          </params>
          <reporter-output>
          </reporter-output>
        </test-method> <!-- VerifyRepoLinks -->
        <test-method status="PASS" signature="VerifyRepoLinks(java.lang.String)[pri:2, instance:repo.tests.RepoTest@68c4039c]" name="VerifyRepoLinks" duration-ms="1112" started-at="2023-08-14T09:32:47Z" data-provider="dataProviderUrlLinks" finished-at="2023-08-14T09:32:49Z">
          <params>
            <param index="0">
              <value>
                <![CDATA[https://github.com/kubernetes/kubernetes]]>
              </value>
            </param>
          </params>
          <reporter-output>
          </reporter-output>
        </test-method> <!-- VerifyRepoLinks -->
        <test-method status="PASS" signature="VerifyRepoLinks(java.lang.String)[pri:2, instance:repo.tests.RepoTest@68c4039c]" name="VerifyRepoLinks" duration-ms="485" started-at="2023-08-14T09:32:49Z" data-provider="dataProviderUrlLinks" finished-at="2023-08-14T09:32:49Z">
          <params>
            <param index="0">
              <value>
                <![CDATA[https://github.com/kubernetes/kubernetes]]>
              </value>
            </param>
          </params>
          <reporter-output>
          </reporter-output>
        </test-method> <!-- VerifyRepoLinks -->
        <test-method status="PASS" signature="VerifyRepoLinks(java.lang.String)[pri:2, instance:repo.tests.RepoTest@68c4039c]" name="VerifyRepoLinks" duration-ms="438" started-at="2023-08-14T09:32:49Z" data-provider="dataProviderUrlLinks" finished-at="2023-08-14T09:32:50Z">
          <params>
            <param index="0">
              <value>
                <![CDATA[https://github.com/kubernetes/kubernetes]]>
              </value>
            </param>
          </params>
          <reporter-output>
          </reporter-output>
        </test-method> <!-- VerifyRepoLinks -->
        <test-method status="PASS" signature="VerifyRepoLinks(java.lang.String)[pri:2, instance:repo.tests.RepoTest@68c4039c]" name="VerifyRepoLinks" duration-ms="578" started-at="2023-08-14T09:32:50Z" data-provider="dataProviderUrlLinks" finished-at="2023-08-14T09:32:50Z">
          <params>
            <param index="0">
              <value>
                <![CDATA[https://github.com/kubernetes/kubernetes]]>
              </value>
            </param>
          </params>
          <reporter-output>
          </reporter-output>
        </test-method> <!-- VerifyRepoLinks -->
        <test-method status="PASS" signature="VerifyRepoLinks(java.lang.String)[pri:2, instance:repo.tests.RepoTest@68c4039c]" name="VerifyRepoLinks" duration-ms="444" started-at="2023-08-14T09:32:50Z" data-provider="dataProviderUrlLinks" finished-at="2023-08-14T09:32:51Z">
          <params>
            <param index="0">
              <value>
                <![CDATA[https://github.com/kubernetes/kubernetes]]>
              </value>
            </param>
          </params>
          <reporter-output>
          </reporter-output>
        </test-method> <!-- VerifyRepoLinks -->
        <test-method status="PASS" signature="VerifyNumberOfRowsPerPage(java.lang.String)[pri:3, instance:repo.tests.RepoTest@68c4039c]" name="VerifyNumberOfRowsPerPage" duration-ms="5338" started-at="2023-08-14T09:32:51Z" data-provider="dataProviderRowsPerPage" finished-at="2023-08-14T09:32:56Z">
          <params>
            <param index="0">
              <value>
                <![CDATA[10]]>
              </value>
            </param>
          </params>
          <reporter-output>
          </reporter-output>
        </test-method> <!-- VerifyNumberOfRowsPerPage -->
        <test-method status="PASS" signature="VerifyNumberOfRowsPerPage(java.lang.String)[pri:3, instance:repo.tests.RepoTest@68c4039c]" name="VerifyNumberOfRowsPerPage" duration-ms="5591" started-at="2023-08-14T09:32:56Z" data-provider="dataProviderRowsPerPage" finished-at="2023-08-14T09:33:01Z">
          <params>
            <param index="0">
              <value>
                <![CDATA[25]]>
              </value>
            </param>
          </params>
          <reporter-output>
          </reporter-output>
        </test-method> <!-- VerifyNumberOfRowsPerPage -->
        <test-method status="PASS" signature="VerifyNumberOfRowsPerPage(java.lang.String)[pri:3, instance:repo.tests.RepoTest@68c4039c]" name="VerifyNumberOfRowsPerPage" duration-ms="5748" started-at="2023-08-14T09:33:01Z" data-provider="dataProviderRowsPerPage" finished-at="2023-08-14T09:33:07Z">
          <params>
            <param index="0">
              <value>
                <![CDATA[50]]>
              </value>
            </param>
          </params>
          <reporter-output>
          </reporter-output>
        </test-method> <!-- VerifyNumberOfRowsPerPage -->
        <test-method status="PASS" signature="teardown()[pri:0, instance:repo.tests.RepoTest@68c4039c]" name="teardown" is-config="true" duration-ms="1841" started-at="2023-08-14T09:33:07Z" finished-at="2023-08-14T09:33:09Z">
          <reporter-output>
          </reporter-output>
        </test-method> <!-- teardown -->
      </class> <!-- repo.tests.RepoTest -->
    </test> <!-- Default test -->
  </suite> <!-- Default suite -->
</testng-results>
